<?xml version="1.0" encoding="UTF-8"?>
<!-- Generated by org.testng.reporters.JUnitXMLReporter -->
<testsuite ignored="0" hostname="DESKTOP-ETV6F6R" failures="0" tests="3" name="Test" time="295.175" errors="0" timestamp="2024-05-24T07:39:23 GMT-07:00">
  <testcase classname="Datadriven.TestCases.LoginLogout" name="LoginLogout" time="10.204"/>
  <testcase classname="Datadriven.TestCases.LoginLogout" name="LoginLogout" time="11.331"/>
  <testcase classname="Datadriven.TestCases.LoginLogout" name="LoginLogout" time="7.247"/>
</testsuite> <!-- Test -->
