<?xml version="1.0" encoding="UTF-8"?>
<!-- Generated by org.testng.reporters.JUnitXMLReporter -->
<testsuite ignored="0" hostname="DESKTOP-ETV6F6R" failures="0" tests="5" name="Default test" time="90.667" errors="0" timestamp="2024-05-24T07:51:27 GMT-07:00">
  <testcase classname="Datadriven.TestCases.Admin" name="Login" time="4.456"/>
  <testcase classname="Datadriven.TestCases.Admin" name="clickOnAdmin" time="7.206"/>
  <testcase classname="Datadriven.TestCases.Admin" name="searchByUserName" time="2.28"/>
  <testcase classname="Datadriven.TestCases.Admin" name="searchByUserRole" time="6.034"/>
  <testcase classname="Datadriven.TestCases.Admin" name="searchByUserStatus" time="0.359"/>
</testsuite> <!-- Default test -->
